<?xml version="1.0" encoding="UTF-8"?>
<!-- Generated by org.testng.reporters.JUnitXMLReporter -->
<testsuite ignored="0" hostname="IQ-BIND" failures="0" tests="4" name="Default test" time="0.076" errors="0" timestamp="2023-08-16T12:12:51 IST">
  <testcase classname="com.Maven.Delete" name="delete" time="0.009"/>
  <testcase classname="com.Maven.Delete" name="explain" time="0.006"/>
  <testcase classname="com.Maven.Create" name="create" time="0.002"/>
  <testcase classname="com.Maven.Create" name="details" time="0.003"/>
</testsuite> <!-- Default test -->
