<?xml version="1.0" encoding="UTF-8"?>
<!-- Generated by org.testng.reporters.JUnitXMLReporter -->
<testsuite ignored="3" hostname="IQ-BIND" failures="0" tests="1" name="Test" time="0.062" errors="0" timestamp="2023-08-16T12:12:13 IST">
  <testcase classname="com.Maven.Delete" name="delete" time="0.008"/>
  <testcase classname="com.Maven.Create" name="details" time="0.0">
    <ignored/>
  </testcase> <!-- details -->
  <testcase classname="com.Maven.Create" name="create" time="0.0">
    <ignored/>
  </testcase> <!-- create -->
  <testcase classname="com.Maven.Delete" name="explain" time="0.0">
    <ignored/>
  </testcase> <!-- explain -->
</testsuite> <!-- Test -->
